[ 50%] [32mBuilding CXX object CMakeFiles/depth_converter.dir/src/depth_converter.cpp.o[0m
[100%] [32m[1mLinking CXX executable depth_converter[0m
[100%] Built target depth_converter
-- Install configuration: ""
-- Installing: /home/ubuntu/osu-uwrt/development/software/src/depth_converter/install/depth_converter/lib/depth_converter/depth_converter
-- Set non-toolchain portion of runtime path of "/home/ubuntu/osu-uwrt/development/software/src/depth_converter/install/depth_converter/lib/depth_converter/depth_converter" to ""
-- Installing: /home/ubuntu/osu-uwrt/development/software/src/depth_converter/install/depth_converter/share/ament_index/resource_index/package_run_dependencies/depth_converter
-- Installing: /home/ubuntu/osu-uwrt/development/software/src/depth_converter/install/depth_converter/share/ament_index/resource_index/parent_prefix_path/depth_converter
-- Installing: /home/ubuntu/osu-uwrt/development/software/src/depth_converter/install/depth_converter/share/depth_converter/environment/ament_prefix_path.sh
-- Installing: /home/ubuntu/osu-uwrt/development/software/src/depth_converter/install/depth_converter/share/depth_converter/environment/ament_prefix_path.dsv
-- Installing: /home/ubuntu/osu-uwrt/development/software/src/depth_converter/install/depth_converter/share/depth_converter/environment/path.sh
-- Installing: /home/ubuntu/osu-uwrt/development/software/src/depth_converter/install/depth_converter/share/depth_converter/environment/path.dsv
-- Installing: /home/ubuntu/osu-uwrt/development/software/src/depth_converter/install/depth_converter/share/depth_converter/local_setup.bash
-- Installing: /home/ubuntu/osu-uwrt/development/software/src/depth_converter/install/depth_converter/share/depth_converter/local_setup.sh
-- Installing: /home/ubuntu/osu-uwrt/development/software/src/depth_converter/install/depth_converter/share/depth_converter/local_setup.zsh
-- Installing: /home/ubuntu/osu-uwrt/development/software/src/depth_converter/install/depth_converter/share/depth_converter/local_setup.dsv
-- Installing: /home/ubuntu/osu-uwrt/development/software/src/depth_converter/install/depth_converter/share/depth_converter/package.dsv
-- Installing: /home/ubuntu/osu-uwrt/development/software/src/depth_converter/install/depth_converter/share/ament_index/resource_index/packages/depth_converter
-- Installing: /home/ubuntu/osu-uwrt/development/software/src/depth_converter/install/depth_converter/share/depth_converter/cmake/depth_converterConfig.cmake
-- Installing: /home/ubuntu/osu-uwrt/development/software/src/depth_converter/install/depth_converter/share/depth_converter/cmake/depth_converterConfig-version.cmake
-- Installing: /home/ubuntu/osu-uwrt/development/software/src/depth_converter/install/depth_converter/share/depth_converter/package.xml
