[0.011s] Invoking command in '/home/ubuntu/osu-uwrt/development/software/src/depth_converter/build/depth_converter': CMAKE_PREFIX_PATH=${CMAKE_PREFIX_PATH}:/home/ubuntu/osu-uwrt/development/software/install/riptide_yolo:/home/ubuntu/osu-uwrt/development/software/install/riptide_rqt_plugins2:/home/ubuntu/osu-uwrt/development/software/install/riptide_hardware2:/home/ubuntu/osu-uwrt/development/software/install/riptide_bringup2:/home/ubuntu/osu-uwrt/development/software/install/remote_launch:/opt/ros/humble /home/ubuntu/.local/bin/cmake --build /home/ubuntu/osu-uwrt/development/software/src/depth_converter/build/depth_converter -- -j10 -l10
[0.065s] [ 50%] [32mBuilding CXX object CMakeFiles/depth_converter.dir/src/depth_converter.cpp.o[0m
[4.425s] [100%] [32m[1mLinking CXX executable depth_converter[0m
[4.685s] [100%] Built target depth_converter
[4.693s] Invoked command in '/home/ubuntu/osu-uwrt/development/software/src/depth_converter/build/depth_converter' returned '0': CMAKE_PREFIX_PATH=${CMAKE_PREFIX_PATH}:/home/ubuntu/osu-uwrt/development/software/install/riptide_yolo:/home/ubuntu/osu-uwrt/development/software/install/riptide_rqt_plugins2:/home/ubuntu/osu-uwrt/development/software/install/riptide_hardware2:/home/ubuntu/osu-uwrt/development/software/install/riptide_bringup2:/home/ubuntu/osu-uwrt/development/software/install/remote_launch:/opt/ros/humble /home/ubuntu/.local/bin/cmake --build /home/ubuntu/osu-uwrt/development/software/src/depth_converter/build/depth_converter -- -j10 -l10
[4.749s] Invoking command in '/home/ubuntu/osu-uwrt/development/software/src/depth_converter/build/depth_converter': CMAKE_PREFIX_PATH=${CMAKE_PREFIX_PATH}:/home/ubuntu/osu-uwrt/development/software/install/riptide_yolo:/home/ubuntu/osu-uwrt/development/software/install/riptide_rqt_plugins2:/home/ubuntu/osu-uwrt/development/software/install/riptide_hardware2:/home/ubuntu/osu-uwrt/development/software/install/riptide_bringup2:/home/ubuntu/osu-uwrt/development/software/install/remote_launch:/opt/ros/humble /home/ubuntu/.local/bin/cmake --install /home/ubuntu/osu-uwrt/development/software/src/depth_converter/build/depth_converter
[4.768s] -- Install configuration: ""
[4.768s] -- Installing: /home/ubuntu/osu-uwrt/development/software/src/depth_converter/install/depth_converter/lib/depth_converter/depth_converter
[4.772s] -- Set non-toolchain portion of runtime path of "/home/ubuntu/osu-uwrt/development/software/src/depth_converter/install/depth_converter/lib/depth_converter/depth_converter" to ""
[4.772s] -- Installing: /home/ubuntu/osu-uwrt/development/software/src/depth_converter/install/depth_converter/share/ament_index/resource_index/package_run_dependencies/depth_converter
[4.772s] -- Installing: /home/ubuntu/osu-uwrt/development/software/src/depth_converter/install/depth_converter/share/ament_index/resource_index/parent_prefix_path/depth_converter
[4.772s] -- Installing: /home/ubuntu/osu-uwrt/development/software/src/depth_converter/install/depth_converter/share/depth_converter/environment/ament_prefix_path.sh
[4.772s] -- Installing: /home/ubuntu/osu-uwrt/development/software/src/depth_converter/install/depth_converter/share/depth_converter/environment/ament_prefix_path.dsv
[4.772s] -- Installing: /home/ubuntu/osu-uwrt/development/software/src/depth_converter/install/depth_converter/share/depth_converter/environment/path.sh
[4.773s] -- Installing: /home/ubuntu/osu-uwrt/development/software/src/depth_converter/install/depth_converter/share/depth_converter/environment/path.dsv
[4.773s] -- Installing: /home/ubuntu/osu-uwrt/development/software/src/depth_converter/install/depth_converter/share/depth_converter/local_setup.bash
[4.773s] -- Installing: /home/ubuntu/osu-uwrt/development/software/src/depth_converter/install/depth_converter/share/depth_converter/local_setup.sh
[4.773s] -- Installing: /home/ubuntu/osu-uwrt/development/software/src/depth_converter/install/depth_converter/share/depth_converter/local_setup.zsh
[4.773s] -- Installing: /home/ubuntu/osu-uwrt/development/software/src/depth_converter/install/depth_converter/share/depth_converter/local_setup.dsv
[4.773s] -- Installing: /home/ubuntu/osu-uwrt/development/software/src/depth_converter/install/depth_converter/share/depth_converter/package.dsv
[4.773s] -- Installing: /home/ubuntu/osu-uwrt/development/software/src/depth_converter/install/depth_converter/share/ament_index/resource_index/packages/depth_converter
[4.773s] -- Installing: /home/ubuntu/osu-uwrt/development/software/src/depth_converter/install/depth_converter/share/depth_converter/cmake/depth_converterConfig.cmake
[4.773s] -- Installing: /home/ubuntu/osu-uwrt/development/software/src/depth_converter/install/depth_converter/share/depth_converter/cmake/depth_converterConfig-version.cmake
[4.773s] -- Installing: /home/ubuntu/osu-uwrt/development/software/src/depth_converter/install/depth_converter/share/depth_converter/package.xml
[4.779s] Invoked command in '/home/ubuntu/osu-uwrt/development/software/src/depth_converter/build/depth_converter' returned '0': CMAKE_PREFIX_PATH=${CMAKE_PREFIX_PATH}:/home/ubuntu/osu-uwrt/development/software/install/riptide_yolo:/home/ubuntu/osu-uwrt/development/software/install/riptide_rqt_plugins2:/home/ubuntu/osu-uwrt/development/software/install/riptide_hardware2:/home/ubuntu/osu-uwrt/development/software/install/riptide_bringup2:/home/ubuntu/osu-uwrt/development/software/install/remote_launch:/opt/ros/humble /home/ubuntu/.local/bin/cmake --install /home/ubuntu/osu-uwrt/development/software/src/depth_converter/build/depth_converter
