[0.014s] Invoking command in '/home/ubuntu/osu-uwrt/development/software/src/depth_converter/build/depth_converter': CMAKE_PREFIX_PATH=${CMAKE_PREFIX_PATH}:/home/ubuntu/osu-uwrt/development/software/install/riptide_yolo:/home/ubuntu/osu-uwrt/development/software/install/riptide_rqt_plugins2:/home/ubuntu/osu-uwrt/development/software/install/riptide_hardware2:/home/ubuntu/osu-uwrt/development/software/install/riptide_bringup2:/home/ubuntu/osu-uwrt/development/software/install/remote_launch:/opt/ros/humble /home/ubuntu/.local/bin/cmake /home/ubuntu/osu-uwrt/development/software/src/depth_converter -DCMAKE_INSTALL_PREFIX=/home/ubuntu/osu-uwrt/development/software/src/depth_converter/install/depth_converter
[0.052s] -- Found ament_cmake: 1.3.8 (/opt/ros/humble/share/ament_cmake/cmake)
[0.242s] -- Found rclcpp: 16.0.8 (/opt/ros/humble/share/rclcpp/cmake)
[0.276s] -- Found rosidl_generator_c: 3.1.5 (/opt/ros/humble/share/rosidl_generator_c/cmake)
[0.279s] -- Found rosidl_adapter: 3.1.5 (/opt/ros/humble/share/rosidl_adapter/cmake)
[0.285s] -- Found rosidl_generator_cpp: 3.1.5 (/opt/ros/humble/share/rosidl_generator_cpp/cmake)
[0.297s] -- Using all available rosidl_typesupport_c: rosidl_typesupport_fastrtps_c;rosidl_typesupport_introspection_c
[0.314s] -- Using all available rosidl_typesupport_cpp: rosidl_typesupport_fastrtps_cpp;rosidl_typesupport_introspection_cpp
[0.368s] -- Found rmw_implementation_cmake: 6.1.1 (/opt/ros/humble/share/rmw_implementation_cmake/cmake)
[0.370s] -- Found rmw_fastrtps_cpp: 6.2.6 (/opt/ros/humble/share/rmw_fastrtps_cpp/cmake)
[0.516s] -- Using RMW implementation 'rmw_fastrtps_cpp' as default
[0.681s] -- Found geometry_msgs: 4.2.3 (/opt/ros/humble/share/geometry_msgs/cmake)
[0.729s] -- Found tf2_ros: 0.25.6 (/opt/ros/humble/share/tf2_ros/cmake)
[1.088s] -- Found tf2_geometry_msgs: 0.25.6 (/opt/ros/humble/share/tf2_geometry_msgs/cmake)
[1.099s] -- Found eigen3_cmake_module: 0.1.1 (/opt/ros/humble/share/eigen3_cmake_module/cmake)
[1.101s] -- Ensuring Eigen3 include directory is part of orocos-kdl CMake target
[1.110s] -- Found riptide_msgs2: 0.0.17 (/home/ubuntu/osu-uwrt/development/software/install/riptide_msgs2/share/riptide_msgs2/cmake)
[1.407s] -- Configuring done (1.4s)
[1.419s] -- Generating done (0.0s)
[1.420s] -- Build files have been written to: /home/ubuntu/osu-uwrt/development/software/src/depth_converter/build/depth_converter
[1.433s] Invoked command in '/home/ubuntu/osu-uwrt/development/software/src/depth_converter/build/depth_converter' returned '0': CMAKE_PREFIX_PATH=${CMAKE_PREFIX_PATH}:/home/ubuntu/osu-uwrt/development/software/install/riptide_yolo:/home/ubuntu/osu-uwrt/development/software/install/riptide_rqt_plugins2:/home/ubuntu/osu-uwrt/development/software/install/riptide_hardware2:/home/ubuntu/osu-uwrt/development/software/install/riptide_bringup2:/home/ubuntu/osu-uwrt/development/software/install/remote_launch:/opt/ros/humble /home/ubuntu/.local/bin/cmake /home/ubuntu/osu-uwrt/development/software/src/depth_converter -DCMAKE_INSTALL_PREFIX=/home/ubuntu/osu-uwrt/development/software/src/depth_converter/install/depth_converter
[1.435s] Invoking command in '/home/ubuntu/osu-uwrt/development/software/src/depth_converter/build/depth_converter': CMAKE_PREFIX_PATH=${CMAKE_PREFIX_PATH}:/home/ubuntu/osu-uwrt/development/software/install/riptide_yolo:/home/ubuntu/osu-uwrt/development/software/install/riptide_rqt_plugins2:/home/ubuntu/osu-uwrt/development/software/install/riptide_hardware2:/home/ubuntu/osu-uwrt/development/software/install/riptide_bringup2:/home/ubuntu/osu-uwrt/development/software/install/remote_launch:/opt/ros/humble /home/ubuntu/.local/bin/cmake --build /home/ubuntu/osu-uwrt/development/software/src/depth_converter/build/depth_converter -- -j10 -l10
[1.470s] [ 50%] [32mBuilding CXX object CMakeFiles/depth_converter.dir/src/depth_converter.cpp.o[0m
[1.626s] In file included from [01m[K/home/ubuntu/osu-uwrt/development/software/src/depth_converter/src/depth_converter.cpp:6[m[K:
[1.626s] [01m[K/opt/ros/humble/include/tf2_geometry_msgs/tf2_geometry_msgs/tf2_geometry_msgs.h:35:2:[m[K [01;35m[Kwarning: [m[K#warning This header is obsolete, please include tf2_geometry_msgs/tf2_geometry_msgs.hpp instead [[01;35m[K]8;;https://gcc.gnu.org/onlinedocs/gcc/Warning-Options.html#index-Wcpp-Wcpp]8;;[m[K]
[1.626s]    35 | #[01;35m[Kwarning[m[K This header is obsolete, please include tf2_geometry_msgs/tf2_geometry_msgs.hpp instead
[1.626s]       |  [01;35m[K^~~~~~~[m[K
[3.129s] [01m[K/home/ubuntu/osu-uwrt/development/software/src/depth_converter/src/depth_converter.cpp:[m[K In constructor ‘[01m[KDepthConverter::DepthConverter()[m[K’:
[3.130s] [01m[K/home/ubuntu/osu-uwrt/development/software/src/depth_converter/src/depth_converter.cpp:22:44:[m[K [01;31m[Kerror: [m[Krequest for member ‘[01m[Ksubstr[m[K’ in ‘[01m[K((DepthConverter*)this)->DepthConverter::<anonymous>.rclcpp::Node::get_namespace()[m[K’, which is of non-class type ‘[01m[Kconst char*[m[K’
[3.130s]    22 |         namespace_ = this->get_namespace().[01;31m[Ksubstr[m[K(1);
[3.130s]       |                                            [01;31m[K^~~~~~[m[K
[3.131s] [01m[K/home/ubuntu/osu-uwrt/development/software/src/depth_converter/src/depth_converter.cpp:[m[K In member function ‘[01m[Kvoid DepthConverter::depth_callback(riptide_msgs2::msg::Depth_<std::allocator<void> >::SharedPtr)[m[K’:
[3.131s] [01m[K/home/ubuntu/osu-uwrt/development/software/src/depth_converter/src/depth_converter.cpp:28:46:[m[K [01;31m[Kerror: [m[K‘[01m[Kusing element_type = class tf2_ros::Buffer[m[K’ {aka ‘[01m[Kclass tf2_ros::Buffer[m[K’} has no member named ‘[01m[Klookup_transform[m[K’; did you mean ‘[01m[KlookupTransform[m[K’?
[3.131s]    28 |             auto b2o_transform = tf_buffer_->[01;31m[Klookup_transform[m[K("odom", namespace_ + "/base_link", tf2::TimePointZero);
[3.131s]       |                                              [01;31m[K^~~~~~~~~~~~~~~~[m[K
[3.131s]       |                                              [32m[KlookupTransform[m[K
[3.136s] [01m[K/home/ubuntu/osu-uwrt/development/software/src/depth_converter/src/depth_converter.cpp:37:55:[m[K [01;31m[Kerror: [m[K‘[01m[Kusing element_type = class tf2_ros::Buffer[m[K’ {aka ‘[01m[Kclass tf2_ros::Buffer[m[K’} has no member named ‘[01m[Klookup_transform[m[K’; did you mean ‘[01m[KlookupTransform[m[K’?
[3.136s]    37 |                 auto pressure_transform = tf_buffer_->[01;31m[Klookup_transform[m[K(namespace_ + "/pressure_link", namespace_ + "/base_link", tf2::TimePointZero);
[3.136s]       |                                                       [01;31m[K^~~~~~~~~~~~~~~~[m[K
[3.136s]       |                                                       [32m[KlookupTransform[m[K
[3.144s] [01m[K/home/ubuntu/osu-uwrt/development/software/src/depth_converter/src/depth_converter.cpp:44:45:[m[K [01;31m[Kerror: [m[Kcannot convert ‘[01m[Kconst Eigen::CwiseBinaryOp<Eigen::internal::scalar_product_op<double, double>, const Eigen::Matrix<double, 3, 3>, const Eigen::CwiseNullaryOp<Eigen::internal::scalar_constant_op<double>, const Eigen::Matrix<double, 3, 3> > >[m[K’ to ‘[01m[Kdouble[m[K’ in initialization
[3.144s]    44 |             double added_depth = [01;31m[Kb2o_matrix * b2p_vector_.value()(2)[m[K;
[3.144s]       |                                  [01;31m[K~~~~~~~~~~~^~~~~~~~~~~~~~~~~~~~~~~~[m[K
[3.144s]       |                                             [01;31m[K|[m[K
[3.144s]       |                                             [01;31m[Kconst Eigen::CwiseBinaryOp<Eigen::internal::scalar_product_op<double, double>, const Eigen::Matrix<double, 3, 3>, const Eigen::CwiseNullaryOp<Eigen::internal::scalar_constant_op<double>, const Eigen::Matrix<double, 3, 3> > >[m[K
[4.298s] gmake[2]: *** [CMakeFiles/depth_converter.dir/build.make:76: CMakeFiles/depth_converter.dir/src/depth_converter.cpp.o] Error 1
[4.298s] gmake[1]: *** [CMakeFiles/Makefile2:137: CMakeFiles/depth_converter.dir/all] Error 2
[4.298s] gmake: *** [Makefile:146: all] Error 2
[4.302s] Invoked command in '/home/ubuntu/osu-uwrt/development/software/src/depth_converter/build/depth_converter' returned '2': CMAKE_PREFIX_PATH=${CMAKE_PREFIX_PATH}:/home/ubuntu/osu-uwrt/development/software/install/riptide_yolo:/home/ubuntu/osu-uwrt/development/software/install/riptide_rqt_plugins2:/home/ubuntu/osu-uwrt/development/software/install/riptide_hardware2:/home/ubuntu/osu-uwrt/development/software/install/riptide_bringup2:/home/ubuntu/osu-uwrt/development/software/install/remote_launch:/opt/ros/humble /home/ubuntu/.local/bin/cmake --build /home/ubuntu/osu-uwrt/development/software/src/depth_converter/build/depth_converter -- -j10 -l10
