[0.009s] Invoking command in '/home/ubuntu/osu-uwrt/development/software/src/depth_converter/build/depth_converter': CMAKE_PREFIX_PATH=${CMAKE_PREFIX_PATH}:/home/ubuntu/osu-uwrt/development/software/install/riptide_yolo:/home/ubuntu/osu-uwrt/development/software/install/riptide_rqt_plugins2:/home/ubuntu/osu-uwrt/development/software/install/riptide_hardware2:/home/ubuntu/osu-uwrt/development/software/install/riptide_bringup2:/home/ubuntu/osu-uwrt/development/software/install/remote_launch:/opt/ros/humble /home/ubuntu/.local/bin/cmake /home/ubuntu/osu-uwrt/development/software/src/depth_converter -DCMAKE_INSTALL_PREFIX=/home/ubuntu/osu-uwrt/development/software/src/depth_converter/install/depth_converter
[0.073s] -- The C compiler identification is GNU 11.4.0
[0.120s] -- The CXX compiler identification is GNU 11.4.0
[0.137s] -- Detecting C compiler ABI info
[0.187s] -- Detecting C compiler ABI info - done
[0.194s] -- Check for working C compiler: /usr/bin/cc - skipped
[0.195s] -- Detecting C compile features
[0.195s] -- Detecting C compile features - done
[0.207s] -- Detecting CXX compiler ABI info
[0.260s] -- Detecting CXX compiler ABI info - done
[0.268s] -- Check for working CXX compiler: /usr/bin/c++ - skipped
[0.268s] -- Detecting CXX compile features
[0.269s] -- Detecting CXX compile features - done
[0.272s] -- Found ament_cmake: 1.3.8 (/opt/ros/humble/share/ament_cmake/cmake)
[0.401s] -- Found Python3: /usr/bin/python3 (found version "3.10.12") found components: Interpreter 
[0.487s] -- Found rclcpp: 16.0.8 (/opt/ros/humble/share/rclcpp/cmake)
[0.529s] -- Found rosidl_generator_c: 3.1.5 (/opt/ros/humble/share/rosidl_generator_c/cmake)
[0.534s] -- Found rosidl_adapter: 3.1.5 (/opt/ros/humble/share/rosidl_adapter/cmake)
[0.541s] -- Found rosidl_generator_cpp: 3.1.5 (/opt/ros/humble/share/rosidl_generator_cpp/cmake)
[0.554s] -- Using all available rosidl_typesupport_c: rosidl_typesupport_fastrtps_c;rosidl_typesupport_introspection_c
[0.572s] -- Using all available rosidl_typesupport_cpp: rosidl_typesupport_fastrtps_cpp;rosidl_typesupport_introspection_cpp
[0.636s] -- Found rmw_implementation_cmake: 6.1.1 (/opt/ros/humble/share/rmw_implementation_cmake/cmake)
[0.638s] -- Found rmw_fastrtps_cpp: 6.2.6 (/opt/ros/humble/share/rmw_fastrtps_cpp/cmake)
[0.724s] -- Found OpenSSL: /usr/lib/aarch64-linux-gnu/libcrypto.so (found version "3.0.2")  
[0.755s] -- Found FastRTPS: /opt/ros/humble/include  
[0.804s] -- Using RMW implementation 'rmw_fastrtps_cpp' as default
[0.813s] -- Performing Test CMAKE_HAVE_LIBC_PTHREAD
[0.869s] -- Performing Test CMAKE_HAVE_LIBC_PTHREAD - Success
[0.870s] -- Found Threads: TRUE  
[1.011s] -- Found geometry_msgs: 4.2.3 (/opt/ros/humble/share/geometry_msgs/cmake)
[1.051s] -- Found tf2_ros: 0.25.6 (/opt/ros/humble/share/tf2_ros/cmake)
[1.351s] -- Found tf2_geometry_msgs: 0.25.6 (/opt/ros/humble/share/tf2_geometry_msgs/cmake)
[1.365s] -- Found eigen3_cmake_module: 0.1.1 (/opt/ros/humble/share/eigen3_cmake_module/cmake)
[1.366s] -- Found Eigen3: TRUE (found version "3.4.0") 
[1.366s] -- Ensuring Eigen3 include directory is part of orocos-kdl CMake target
[1.375s] -- Found rosidl_default_generators: 1.2.0 (/opt/ros/humble/share/rosidl_default_generators/cmake)
[1.496s] [31mCMake Error at /opt/ros/humble/share/rosidl_cmake/cmake/rosidl_generate_interfaces.cmake:93 (message):
[1.496s]   rosidl_generate_interfaces() the passed file 'GENERATE_PYTHON' doesn't
[1.496s]   exist relative to the CMAKE_CURRENT_SOURCE_DIR
[1.497s]   '/home/ubuntu/osu-uwrt/development/software/src/depth_converter'
[1.497s] Call Stack (most recent call first):
[1.497s]   CMakeLists.txt:25 (rosidl_generate_interfaces)
[1.497s] 
[1.498s] [0m
[1.498s] -- Configuring incomplete, errors occurred!
[1.510s] Invoked command in '/home/ubuntu/osu-uwrt/development/software/src/depth_converter/build/depth_converter' returned '1': CMAKE_PREFIX_PATH=${CMAKE_PREFIX_PATH}:/home/ubuntu/osu-uwrt/development/software/install/riptide_yolo:/home/ubuntu/osu-uwrt/development/software/install/riptide_rqt_plugins2:/home/ubuntu/osu-uwrt/development/software/install/riptide_hardware2:/home/ubuntu/osu-uwrt/development/software/install/riptide_bringup2:/home/ubuntu/osu-uwrt/development/software/install/remote_launch:/opt/ros/humble /home/ubuntu/.local/bin/cmake /home/ubuntu/osu-uwrt/development/software/src/depth_converter -DCMAKE_INSTALL_PREFIX=/home/ubuntu/osu-uwrt/development/software/src/depth_converter/install/depth_converter
