[0.097s] [34mcolcon[0m [1;30mDEBUG[0m [32mCommand line arguments: ['/usr/bin/colcon', 'build', '--packages-select', 'depth_converter'][0m
[0.097s] [34mcolcon[0m [1;30mDEBUG[0m [32mParsed command line arguments: Namespace(log_base=None, log_level=None, verb_name='build', build_base='build', install_base='install', merge_install=False, symlink_install=False, test_result_base=None, continue_on_error=False, executor='parallel', parallel_workers=10, event_handlers=None, ignore_user_meta=False, metas=['./colcon.meta'], base_paths=['.'], packages_ignore=None, packages_ignore_regex=None, paths=None, packages_up_to=None, packages_up_to_regex=None, packages_above=None, packages_above_and_dependencies=None, packages_above_depth=None, packages_select_by_dep=None, packages_skip_by_dep=None, packages_skip_up_to=None, packages_select_build_failed=False, packages_skip_build_finished=False, packages_select_test_failures=False, packages_skip_test_passed=False, packages_select=['depth_converter'], packages_skip=None, packages_select_regex=None, packages_skip_regex=None, packages_start=None, packages_end=None, allow_overriding=[], cmake_args=None, cmake_target=None, cmake_target_skip_unavailable=False, cmake_clean_cache=False, cmake_clean_first=False, cmake_force_configure=False, ament_cmake_args=None, catkin_cmake_args=None, catkin_skip_building_tests=False, verb_parser=<colcon_defaults.argument_parser.defaults.DefaultArgumentsDecorator object at 0xffff9e29fbb0>, verb_extension=<colcon_core.verb.build.BuildVerb object at 0xffff9e29f520>, main=<bound method BuildVerb.main of <colcon_core.verb.build.BuildVerb object at 0xffff9e29f520>>)[0m
[0.120s] [34mcolcon.colcon_core.package_discovery[0m [1;30mLevel 1[0m discover_packages(colcon_meta) check parameters
[0.120s] [34mcolcon.colcon_core.package_discovery[0m [1;30mLevel 1[0m discover_packages(recursive) check parameters
[0.120s] [34mcolcon.colcon_core.package_discovery[0m [1;30mLevel 1[0m discover_packages(ignore) check parameters
[0.120s] [34mcolcon.colcon_core.package_discovery[0m [1;30mLevel 1[0m discover_packages(path) check parameters
[0.120s] [34mcolcon.colcon_core.package_discovery[0m [1;30mLevel 1[0m discover_packages(colcon_meta) discover
[0.120s] [34mcolcon.colcon_core.package_discovery[0m [1;30mLevel 1[0m discover_packages(recursive) discover
[0.120s] [34mcolcon.colcon_core.package_discovery[0m [1;30mINFO[0m Crawling recursively for packages in '/home/ubuntu/osu-uwrt/development/software/src/depth_converter'
[0.120s] [34mcolcon.colcon_core.package_identification[0m [1;30mLevel 1[0m _identify(.) by extensions ['ignore', 'ignore_ament_install']
[0.120s] [34mcolcon.colcon_core.package_identification[0m [1;30mLevel 1[0m _identify(.) by extension 'ignore'
[0.120s] [34mcolcon.colcon_core.package_identification[0m [1;30mLevel 1[0m _identify(.) by extension 'ignore_ament_install'
[0.120s] [34mcolcon.colcon_core.package_identification[0m [1;30mLevel 1[0m _identify(.) by extensions ['colcon_pkg']
[0.120s] [34mcolcon.colcon_core.package_identification[0m [1;30mLevel 1[0m _identify(.) by extension 'colcon_pkg'
[0.120s] [34mcolcon.colcon_core.package_identification[0m [1;30mLevel 1[0m _identify(.) by extensions ['colcon_meta']
[0.120s] [34mcolcon.colcon_core.package_identification[0m [1;30mLevel 1[0m _identify(.) by extension 'colcon_meta'
[0.120s] [34mcolcon.colcon_core.package_identification[0m [1;30mLevel 1[0m _identify(.) by extensions ['ros']
[0.120s] [34mcolcon.colcon_core.package_identification[0m [1;30mLevel 1[0m _identify(.) by extension 'ros'
[0.128s] [34mcolcon.colcon_core.package_identification[0m [1;30mDEBUG[0m [32mPackage '.' with type 'ros.ament_cmake' and name 'depth_converter'[0m
[0.128s] [34mcolcon.colcon_core.package_discovery[0m [1;30mLevel 1[0m discover_packages(recursive) using defaults
[0.128s] [34mcolcon.colcon_core.package_discovery[0m [1;30mLevel 1[0m discover_packages(ignore) discover
[0.128s] [34mcolcon.colcon_core.package_discovery[0m [1;30mLevel 1[0m discover_packages(ignore) using defaults
[0.128s] [34mcolcon.colcon_core.package_discovery[0m [1;30mLevel 1[0m discover_packages(path) discover
[0.128s] [34mcolcon.colcon_core.package_discovery[0m [1;30mLevel 1[0m discover_packages(path) using defaults
[0.135s] [34mcolcon.colcon_core.package_discovery[0m [1;30mLevel 1[0m discover_packages(prefix_path) check parameters
[0.135s] [34mcolcon.colcon_core.package_discovery[0m [1;30mLevel 1[0m discover_packages(prefix_path) discover
[0.136s] [34mcolcon.colcon_installed_package_information.package_discovery[0m [1;30mDEBUG[0m [32mFound 17 installed packages in /home/ubuntu/osu-uwrt/development/software/install[0m
[0.136s] [34mcolcon.colcon_installed_package_information.package_discovery[0m [1;30mDEBUG[0m [32mFound 7 installed packages in /home/ubuntu/osu-uwrt/development/dependencies/install[0m
[0.136s] [34mcolcon.colcon_installed_package_information.package_discovery[0m [1;30mDEBUG[0m [32mFound 1 installed packages in /home/ubuntu/osu-uwrt/riptide_setup/install[0m
[0.137s] [34mcolcon.colcon_installed_package_information.package_discovery[0m [1;30mDEBUG[0m [32mFound 292 installed packages in /opt/ros/humble[0m
[0.138s] [34mcolcon.colcon_core.package_discovery[0m [1;30mLevel 1[0m discover_packages(prefix_path) using defaults
[0.158s] [34mcolcon.colcon_core.verb[0m [1;30mLevel 5[0m set package 'depth_converter' build argument 'cmake_args' from command line to 'None'
[0.158s] [34mcolcon.colcon_core.verb[0m [1;30mLevel 5[0m set package 'depth_converter' build argument 'cmake_target' from command line to 'None'
[0.158s] [34mcolcon.colcon_core.verb[0m [1;30mLevel 5[0m set package 'depth_converter' build argument 'cmake_target_skip_unavailable' from command line to 'False'
[0.158s] [34mcolcon.colcon_core.verb[0m [1;30mLevel 5[0m set package 'depth_converter' build argument 'cmake_clean_cache' from command line to 'False'
[0.158s] [34mcolcon.colcon_core.verb[0m [1;30mLevel 5[0m set package 'depth_converter' build argument 'cmake_clean_first' from command line to 'False'
[0.158s] [34mcolcon.colcon_core.verb[0m [1;30mLevel 5[0m set package 'depth_converter' build argument 'cmake_force_configure' from command line to 'False'
[0.158s] [34mcolcon.colcon_core.verb[0m [1;30mLevel 5[0m set package 'depth_converter' build argument 'ament_cmake_args' from command line to 'None'
[0.158s] [34mcolcon.colcon_core.verb[0m [1;30mLevel 5[0m set package 'depth_converter' build argument 'catkin_cmake_args' from command line to 'None'
[0.158s] [34mcolcon.colcon_core.verb[0m [1;30mLevel 5[0m set package 'depth_converter' build argument 'catkin_skip_building_tests' from command line to 'False'
[0.158s] [34mcolcon.colcon_core.verb[0m [1;30mDEBUG[0m [32mBuilding package 'depth_converter' with the following arguments: {'ament_cmake_args': None, 'build_base': '/home/ubuntu/osu-uwrt/development/software/src/depth_converter/build/depth_converter', 'catkin_cmake_args': None, 'catkin_skip_building_tests': False, 'cmake_args': None, 'cmake_clean_cache': False, 'cmake_clean_first': False, 'cmake_force_configure': False, 'cmake_target': None, 'cmake_target_skip_unavailable': False, 'install_base': '/home/ubuntu/osu-uwrt/development/software/src/depth_converter/install/depth_converter', 'merge_install': False, 'path': '/home/ubuntu/osu-uwrt/development/software/src/depth_converter', 'symlink_install': False, 'test_result_base': None}[0m
[0.158s] [34mcolcon.colcon_core.executor[0m [1;30mINFO[0m Executing jobs using 'parallel' executor
[0.159s] [34mcolcon.colcon_parallel_executor.executor.parallel[0m [1;30mDEBUG[0m [32mrun_until_complete[0m
[0.160s] [34mcolcon.colcon_ros.task.ament_cmake.build[0m [1;30mINFO[0m Building ROS package in '/home/ubuntu/osu-uwrt/development/software/src/depth_converter' with build type 'ament_cmake'
[0.160s] [34mcolcon.colcon_cmake.task.cmake.build[0m [1;30mINFO[0m Building CMake package in '/home/ubuntu/osu-uwrt/development/software/src/depth_converter'
[0.161s] [34mcolcon.colcon_core.plugin_system[0m [1;30mINFO[0m Skipping extension 'colcon_core.shell.bat': Not used on non-Windows systems
[0.161s] [34mcolcon.colcon_core.shell[0m [1;30mINFO[0m Skip shell extension 'powershell' for command environment: Not usable outside of PowerShell
[0.161s] [34mcolcon.colcon_core.shell[0m [1;30mDEBUG[0m [32mSkip shell extension 'dsv' for command environment[0m
[0.169s] [34mcolcon.colcon_core.event_handler.log_command[0m [1;30mDEBUG[0m [32mInvoking command in '/home/ubuntu/osu-uwrt/development/software/src/depth_converter/build/depth_converter': CMAKE_PREFIX_PATH=${CMAKE_PREFIX_PATH}:/home/ubuntu/osu-uwrt/development/software/install/riptide_yolo:/home/ubuntu/osu-uwrt/development/software/install/riptide_rqt_plugins2:/home/ubuntu/osu-uwrt/development/software/install/riptide_hardware2:/home/ubuntu/osu-uwrt/development/software/install/riptide_bringup2:/home/ubuntu/osu-uwrt/development/software/install/remote_launch:/opt/ros/humble /home/ubuntu/.local/bin/cmake /home/ubuntu/osu-uwrt/development/software/src/depth_converter -DCMAKE_INSTALL_PREFIX=/home/ubuntu/osu-uwrt/development/software/src/depth_converter/install/depth_converter[0m
[1.670s] [34mcolcon.colcon_core.event_handler.log_command[0m [1;30mDEBUG[0m [32mInvoked command in '/home/ubuntu/osu-uwrt/development/software/src/depth_converter/build/depth_converter' returned '1': CMAKE_PREFIX_PATH=${CMAKE_PREFIX_PATH}:/home/ubuntu/osu-uwrt/development/software/install/riptide_yolo:/home/ubuntu/osu-uwrt/development/software/install/riptide_rqt_plugins2:/home/ubuntu/osu-uwrt/development/software/install/riptide_hardware2:/home/ubuntu/osu-uwrt/development/software/install/riptide_bringup2:/home/ubuntu/osu-uwrt/development/software/install/remote_launch:/opt/ros/humble /home/ubuntu/.local/bin/cmake /home/ubuntu/osu-uwrt/development/software/src/depth_converter -DCMAKE_INSTALL_PREFIX=/home/ubuntu/osu-uwrt/development/software/src/depth_converter/install/depth_converter[0m
[1.698s] [34mcolcon.colcon_core.environment[0m [1;30mLevel 1[0m create_environment_scripts_only(depth_converter)
[1.699s] [34mcolcon.colcon_core.environment[0m [1;30mLevel 1[0m checking '/home/ubuntu/osu-uwrt/development/software/src/depth_converter/install/depth_converter' for CMake module files
[1.699s] [34mcolcon.colcon_core.environment[0m [1;30mLevel 1[0m checking '/home/ubuntu/osu-uwrt/development/software/src/depth_converter/install/depth_converter' for CMake config files
[1.700s] [34mcolcon.colcon_core.environment[0m [1;30mLevel 1[0m checking '/home/ubuntu/osu-uwrt/development/software/src/depth_converter/install/depth_converter/bin'
[1.700s] [34mcolcon.colcon_core.environment[0m [1;30mLevel 1[0m checking '/home/ubuntu/osu-uwrt/development/software/src/depth_converter/install/depth_converter/lib/pkgconfig/depth_converter.pc'
[1.700s] [34mcolcon.colcon_core.environment[0m [1;30mLevel 1[0m checking '/home/ubuntu/osu-uwrt/development/software/src/depth_converter/install/depth_converter/lib/python3.10/site-packages'
[1.700s] [34mcolcon.colcon_core.environment[0m [1;30mLevel 1[0m checking '/home/ubuntu/osu-uwrt/development/software/src/depth_converter/install/depth_converter/bin'
[1.700s] [34mcolcon.colcon_core.shell[0m [1;30mINFO[0m Creating package script '/home/ubuntu/osu-uwrt/development/software/src/depth_converter/install/depth_converter/share/depth_converter/package.ps1'
[1.701s] [34mcolcon.colcon_core.shell[0m [1;30mINFO[0m Creating package descriptor '/home/ubuntu/osu-uwrt/development/software/src/depth_converter/install/depth_converter/share/depth_converter/package.dsv'
[1.701s] [34mcolcon.colcon_core.shell[0m [1;30mINFO[0m Creating package script '/home/ubuntu/osu-uwrt/development/software/src/depth_converter/install/depth_converter/share/depth_converter/package.sh'
[1.702s] [34mcolcon.colcon_core.shell[0m [1;30mINFO[0m Creating package script '/home/ubuntu/osu-uwrt/development/software/src/depth_converter/install/depth_converter/share/depth_converter/package.bash'
[1.702s] [34mcolcon.colcon_core.shell[0m [1;30mINFO[0m Creating package script '/home/ubuntu/osu-uwrt/development/software/src/depth_converter/install/depth_converter/share/depth_converter/package.zsh'
[1.703s] [34mcolcon.colcon_core.environment[0m [1;30mLevel 1[0m create_file_with_runtime_dependencies(/home/ubuntu/osu-uwrt/development/software/src/depth_converter/install/depth_converter/share/colcon-core/packages/depth_converter)
[1.713s] [34mcolcon.colcon_parallel_executor.executor.parallel[0m [1;30mDEBUG[0m [32mclosing loop[0m
[1.713s] [34mcolcon.colcon_parallel_executor.executor.parallel[0m [1;30mDEBUG[0m [32mloop closed[0m
[1.713s] [34mcolcon.colcon_parallel_executor.executor.parallel[0m [1;30mDEBUG[0m [32mrun_until_complete finished with '1'[0m
[1.713s] [34mcolcon.colcon_core.event_reactor[0m [1;30mDEBUG[0m [32mjoining thread[0m
[1.726s] [34mcolcon.colcon_core.plugin_system[0m [1;30mINFO[0m Skipping extension 'colcon_notification.desktop_notification.terminal_notifier': Not used on non-Darwin systems
[1.726s] [34mcolcon.colcon_core.plugin_system[0m [1;30mINFO[0m Skipping extension 'colcon_notification.desktop_notification.win32': Not used on non-Windows systems
[1.726s] [34mcolcon.colcon_notification.desktop_notification[0m [1;30mINFO[0m Sending desktop notification using 'notify2'
[1.737s] [34mcolcon.colcon_core.event_reactor[0m [1;30mDEBUG[0m [32mjoined thread[0m
[1.737s] [34mcolcon.colcon_core.shell[0m [1;30mINFO[0m Creating prefix script '/home/ubuntu/osu-uwrt/development/software/src/depth_converter/install/local_setup.ps1'
[1.738s] [34mcolcon.colcon_core.shell[0m [1;30mINFO[0m Creating prefix util module '/home/ubuntu/osu-uwrt/development/software/src/depth_converter/install/_local_setup_util_ps1.py'
[1.739s] [34mcolcon.colcon_core.shell[0m [1;30mINFO[0m Creating prefix chain script '/home/ubuntu/osu-uwrt/development/software/src/depth_converter/install/setup.ps1'
[1.740s] [34mcolcon.colcon_core.shell[0m [1;30mINFO[0m Creating prefix script '/home/ubuntu/osu-uwrt/development/software/src/depth_converter/install/local_setup.sh'
[1.740s] [34mcolcon.colcon_core.shell[0m [1;30mINFO[0m Creating prefix util module '/home/ubuntu/osu-uwrt/development/software/src/depth_converter/install/_local_setup_util_sh.py'
[1.741s] [34mcolcon.colcon_core.shell[0m [1;30mINFO[0m Creating prefix chain script '/home/ubuntu/osu-uwrt/development/software/src/depth_converter/install/setup.sh'
[1.742s] [34mcolcon.colcon_core.shell[0m [1;30mINFO[0m Creating prefix script '/home/ubuntu/osu-uwrt/development/software/src/depth_converter/install/local_setup.bash'
[1.742s] [34mcolcon.colcon_core.shell[0m [1;30mINFO[0m Creating prefix chain script '/home/ubuntu/osu-uwrt/development/software/src/depth_converter/install/setup.bash'
[1.743s] [34mcolcon.colcon_core.shell[0m [1;30mINFO[0m Creating prefix script '/home/ubuntu/osu-uwrt/development/software/src/depth_converter/install/local_setup.zsh'
[1.743s] [34mcolcon.colcon_core.shell[0m [1;30mINFO[0m Creating prefix chain script '/home/ubuntu/osu-uwrt/development/software/src/depth_converter/install/setup.zsh'
